0:0:0:0:0:0:0:1 - - [25/Apr/2023:07:00:43 +0000] "GET //localhost:8998/ui HTTP/1.1" 200 1458 
0:0:0:0:0:0:0:1 - - [25/Apr/2023:07:00:43 +0000] "GET //localhost:8998/static/js/jquery.dataTables.min.js HTTP/1.1" 200 83268 
0:0:0:0:0:0:0:1 - - [25/Apr/2023:07:00:43 +0000] "GET //localhost:8998/static/js/jquery-3.4.1.min.js HTTP/1.1" 200 88145 
0:0:0:0:0:0:0:1 - - [25/Apr/2023:07:00:43 +0000] "GET //localhost:8998/static/js/bootstrap.min.js HTTP/1.1" 200 39680 
0:0:0:0:0:0:0:1 - - [25/Apr/2023:07:00:43 +0000] "GET //localhost:8998/static/css/livy-ui.css HTTP/1.1" 200 1140 
0:0:0:0:0:0:0:1 - - [25/Apr/2023:07:00:43 +0000] "GET //localhost:8998/static/css/dataTables.bootstrap.min.css HTTP/1.1" 200 4188 
0:0:0:0:0:0:0:1 - - [25/Apr/2023:07:00:43 +0000] "GET //localhost:8998/static/css/bootstrap.min.css HTTP/1.1" 200 121412 
0:0:0:0:0:0:0:1 - - [25/Apr/2023:07:00:43 +0000] "GET //localhost:8998/static/js/livy-ui.js HTTP/1.1" 200 2787 
0:0:0:0:0:0:0:1 - - [25/Apr/2023:07:00:43 +0000] "GET //localhost:8998/static/js/dataTables.bootstrap.min.js HTTP/1.1" 200 1966 
0:0:0:0:0:0:0:1 - - [25/Apr/2023:07:00:43 +0000] "GET //localhost:8998/static/img/livy-mini-logo.png HTTP/1.1" 200 1121 
0:0:0:0:0:0:0:1 - - [25/Apr/2023:07:00:43 +0000] "GET //localhost:8998/static/js/all-sessions.js HTTP/1.1" 200 3046 
0:0:0:0:0:0:0:1 - - [25/Apr/2023:07:00:43 +0000] "GET //localhost:8998/favicon.ico HTTP/1.1" 404 0 
0:0:0:0:0:0:0:1 - - [25/Apr/2023:07:00:43 +0000] "GET //localhost:8998/sessions HTTP/1.1" 200 50 
0:0:0:0:0:0:0:1 - - [25/Apr/2023:07:00:43 +0000] "GET //localhost:8998/batches HTTP/1.1" 200 50 
127.0.0.1 - - [25/Apr/2023:07:02:03 +0000] "POST //localhost:8998/sessions HTTP/1.1" 400 75 
127.0.0.1 - - [25/Apr/2023:07:02:48 +0000] "POST //localhost:8998/sessions HTTP/1.1" 400 75 
127.0.0.1 - - [25/Apr/2023:07:02:48 +0000] "POST //localhost:8998/sessions HTTP/1.1" 400 75 
127.0.0.1 - - [25/Apr/2023:07:02:48 +0000] "POST //localhost:8998/sessions HTTP/1.1" 400 75 
0:0:0:0:0:0:0:1 - - [25/Apr/2023:07:02:53 +0000] "GET //localhost:8998/ui HTTP/1.1" 200 1458 
0:0:0:0:0:0:0:1 - - [25/Apr/2023:07:02:53 +0000] "GET //localhost:8998/static/css/bootstrap.min.css HTTP/1.1" 200 121412 
0:0:0:0:0:0:0:1 - - [25/Apr/2023:07:02:53 +0000] "GET //localhost:8998/static/css/dataTables.bootstrap.min.css HTTP/1.1" 200 4188 
0:0:0:0:0:0:0:1 - - [25/Apr/2023:07:02:53 +0000] "GET //localhost:8998/static/js/dataTables.bootstrap.min.js HTTP/1.1" 200 1966 
0:0:0:0:0:0:0:1 - - [25/Apr/2023:07:02:53 +0000] "GET //localhost:8998/static/js/livy-ui.js HTTP/1.1" 200 2787 
0:0:0:0:0:0:0:1 - - [25/Apr/2023:07:02:53 +0000] "GET //localhost:8998/static/css/livy-ui.css HTTP/1.1" 200 1140 
0:0:0:0:0:0:0:1 - - [25/Apr/2023:07:02:53 +0000] "GET //localhost:8998/static/js/jquery-3.4.1.min.js HTTP/1.1" 200 88145 
0:0:0:0:0:0:0:1 - - [25/Apr/2023:07:02:53 +0000] "GET //localhost:8998/static/js/bootstrap.min.js HTTP/1.1" 200 39680 
0:0:0:0:0:0:0:1 - - [25/Apr/2023:07:02:53 +0000] "GET //localhost:8998/static/js/jquery.dataTables.min.js HTTP/1.1" 200 83268 
0:0:0:0:0:0:0:1 - - [25/Apr/2023:07:02:53 +0000] "GET //localhost:8998/static/js/all-sessions.js HTTP/1.1" 200 3046 
0:0:0:0:0:0:0:1 - - [25/Apr/2023:07:02:53 +0000] "GET //localhost:8998/static/img/livy-mini-logo.png HTTP/1.1" 200 1121 
0:0:0:0:0:0:0:1 - - [25/Apr/2023:07:02:53 +0000] "GET //localhost:8998/sessions HTTP/1.1" 200 50 
0:0:0:0:0:0:0:1 - - [25/Apr/2023:07:02:53 +0000] "GET //localhost:8998/batches HTTP/1.1" 200 50 
0:0:0:0:0:0:0:1 - - [25/Apr/2023:07:02:55 +0000] "GET //localhost:8998/ui HTTP/1.1" 200 1458 
0:0:0:0:0:0:0:1 - - [25/Apr/2023:07:02:55 +0000] "GET //localhost:8998/static/css/bootstrap.min.css HTTP/1.1" 200 121412 
0:0:0:0:0:0:0:1 - - [25/Apr/2023:07:02:55 +0000] "GET //localhost:8998/static/css/dataTables.bootstrap.min.css HTTP/1.1" 200 4188 
0:0:0:0:0:0:0:1 - - [25/Apr/2023:07:02:55 +0000] "GET //localhost:8998/static/css/livy-ui.css HTTP/1.1" 200 1140 
0:0:0:0:0:0:0:1 - - [25/Apr/2023:07:02:55 +0000] "GET //localhost:8998/static/js/bootstrap.min.js HTTP/1.1" 200 39680 
0:0:0:0:0:0:0:1 - - [25/Apr/2023:07:02:55 +0000] "GET //localhost:8998/static/js/jquery-3.4.1.min.js HTTP/1.1" 200 88145 
0:0:0:0:0:0:0:1 - - [25/Apr/2023:07:02:55 +0000] "GET //localhost:8998/static/js/jquery.dataTables.min.js HTTP/1.1" 200 83268 
0:0:0:0:0:0:0:1 - - [25/Apr/2023:07:02:55 +0000] "GET //localhost:8998/static/js/livy-ui.js HTTP/1.1" 200 2787 
0:0:0:0:0:0:0:1 - - [25/Apr/2023:07:02:55 +0000] "GET //localhost:8998/static/js/dataTables.bootstrap.min.js HTTP/1.1" 200 1966 
0:0:0:0:0:0:0:1 - - [25/Apr/2023:07:02:55 +0000] "GET //localhost:8998/static/img/livy-mini-logo.png HTTP/1.1" 200 1121 
0:0:0:0:0:0:0:1 - - [25/Apr/2023:07:02:55 +0000] "GET //localhost:8998/static/js/all-sessions.js HTTP/1.1" 200 3046 
0:0:0:0:0:0:0:1 - - [25/Apr/2023:07:02:55 +0000] "GET //localhost:8998/batches HTTP/1.1" 200 50 
0:0:0:0:0:0:0:1 - - [25/Apr/2023:07:02:55 +0000] "GET //localhost:8998/sessions HTTP/1.1" 200 50 
127.0.0.1 - - [25/Apr/2023:07:04:12 +0000] "POST //localhost:8998/sessions HTTP/1.1" 400 75 
127.0.0.1 - - [25/Apr/2023:07:04:20 +0000] "GET //localhost:8998/ HTTP/1.1" 302 0 
127.0.0.1 - - [25/Apr/2023:07:04:20 +0000] "GET //localhost:8998/ui HTTP/1.1" 200 1458 
127.0.0.1 - - [25/Apr/2023:07:04:35 +0000] "GET //localhost:8998/ HTTP/1.1" 302 0 
127.0.0.1 - - [25/Apr/2023:07:04:35 +0000] "GET //localhost:8998/ui HTTP/1.1" 200 1458 
127.0.0.1 - - [25/Apr/2023:07:04:39 +0000] "POST //localhost:8998/sessions HTTP/1.1" 400 75 
127.0.0.1 - - [25/Apr/2023:07:04:59 +0000] "POST //localhost:8998/statements HTTP/1.1" 404 0 
127.0.0.1 - - [25/Apr/2023:07:05:13 +0000] "POST //localhost:8998/ HTTP/1.1" 405 0 
127.0.0.1 - - [25/Apr/2023:07:05:16 +0000] "POST //localhost:8998/sessions HTTP/1.1" 400 75 
127.0.0.1 - - [25/Apr/2023:07:05:16 +0000] "POST //localhost:8998/ HTTP/1.1" 405 0 
127.0.0.1 - - [25/Apr/2023:07:05:42 +0000] "POST //localhost:8998/sessions HTTP/1.1" 400 75 
127.0.0.1 - - [25/Apr/2023:07:06:03 +0000] "DELETE //localhost:8998/sessions/0 HTTP/1.1" 404 52 
127.0.0.1 - - [25/Apr/2023:07:06:05 +0000] "POST //localhost:8998/statements HTTP/1.1" 404 0 
127.0.0.1 - - [25/Apr/2023:07:06:07 +0000] "DELETE //localhost:8998/sessions/0 HTTP/1.1" 404 52 
127.0.0.1 - - [25/Apr/2023:07:06:09 +0000] "POST //localhost:8998/sessions HTTP/1.1" 400 75 
127.0.0.1 - - [25/Apr/2023:07:06:10 +0000] "DELETE //localhost:8998/sessions/0 HTTP/1.1" 404 52 
127.0.0.1 - - [25/Apr/2023:07:06:58 +0000] "POST //localhost:8998/sessions/0/statements HTTP/1.1" 404 52 
127.0.0.1 - - [25/Apr/2023:07:07:00 +0000] "POST //localhost:8998/sessions/0/statements HTTP/1.1" 404 52 
0:0:0:0:0:0:0:1 - - [25/Apr/2023:07:07:06 +0000] "GET //localhost:8998/ui HTTP/1.1" 200 1458 
0:0:0:0:0:0:0:1 - - [25/Apr/2023:07:07:06 +0000] "GET //localhost:8998/static/css/bootstrap.min.css HTTP/1.1" 200 121412 
0:0:0:0:0:0:0:1 - - [25/Apr/2023:07:07:06 +0000] "GET //localhost:8998/static/css/dataTables.bootstrap.min.css HTTP/1.1" 200 4188 
0:0:0:0:0:0:0:1 - - [25/Apr/2023:07:07:06 +0000] "GET //localhost:8998/static/css/livy-ui.css HTTP/1.1" 200 1140 
0:0:0:0:0:0:0:1 - - [25/Apr/2023:07:07:06 +0000] "GET //localhost:8998/static/js/bootstrap.min.js HTTP/1.1" 200 39680 
0:0:0:0:0:0:0:1 - - [25/Apr/2023:07:07:06 +0000] "GET //localhost:8998/static/js/jquery-3.4.1.min.js HTTP/1.1" 200 88145 
0:0:0:0:0:0:0:1 - - [25/Apr/2023:07:07:06 +0000] "GET //localhost:8998/static/js/jquery.dataTables.min.js HTTP/1.1" 200 83268 
0:0:0:0:0:0:0:1 - - [25/Apr/2023:07:07:06 +0000] "GET //localhost:8998/static/js/dataTables.bootstrap.min.js HTTP/1.1" 200 1966 
0:0:0:0:0:0:0:1 - - [25/Apr/2023:07:07:06 +0000] "GET //localhost:8998/static/js/livy-ui.js HTTP/1.1" 200 2787 
0:0:0:0:0:0:0:1 - - [25/Apr/2023:07:07:06 +0000] "GET //localhost:8998/static/js/all-sessions.js HTTP/1.1" 200 3046 
0:0:0:0:0:0:0:1 - - [25/Apr/2023:07:07:06 +0000] "GET //localhost:8998/static/img/livy-mini-logo.png HTTP/1.1" 200 1121 
0:0:0:0:0:0:0:1 - - [25/Apr/2023:07:07:06 +0000] "GET //localhost:8998/batches HTTP/1.1" 200 50 
0:0:0:0:0:0:0:1 - - [25/Apr/2023:07:07:06 +0000] "GET //localhost:8998/sessions HTTP/1.1" 200 50 
0:0:0:0:0:0:0:1 - - [25/Apr/2023:07:07:08 +0000] "GET //localhost:8998/ui HTTP/1.1" 200 1458 
0:0:0:0:0:0:0:1 - - [25/Apr/2023:07:07:08 +0000] "GET //localhost:8998/static/css/bootstrap.min.css HTTP/1.1" 200 121412 
0:0:0:0:0:0:0:1 - - [25/Apr/2023:07:07:08 +0000] "GET //localhost:8998/static/css/livy-ui.css HTTP/1.1" 200 1140 
0:0:0:0:0:0:0:1 - - [25/Apr/2023:07:07:08 +0000] "GET //localhost:8998/static/css/dataTables.bootstrap.min.css HTTP/1.1" 200 4188 
0:0:0:0:0:0:0:1 - - [25/Apr/2023:07:07:08 +0000] "GET //localhost:8998/static/js/bootstrap.min.js HTTP/1.1" 200 39680 
0:0:0:0:0:0:0:1 - - [25/Apr/2023:07:07:08 +0000] "GET //localhost:8998/static/js/jquery.dataTables.min.js HTTP/1.1" 200 83268 
0:0:0:0:0:0:0:1 - - [25/Apr/2023:07:07:08 +0000] "GET //localhost:8998/static/js/jquery-3.4.1.min.js HTTP/1.1" 200 88145 
0:0:0:0:0:0:0:1 - - [25/Apr/2023:07:07:08 +0000] "GET //localhost:8998/static/js/livy-ui.js HTTP/1.1" 200 2787 
0:0:0:0:0:0:0:1 - - [25/Apr/2023:07:07:08 +0000] "GET //localhost:8998/static/js/dataTables.bootstrap.min.js HTTP/1.1" 200 1966 
0:0:0:0:0:0:0:1 - - [25/Apr/2023:07:07:08 +0000] "GET //localhost:8998/static/img/livy-mini-logo.png HTTP/1.1" 200 1121 
0:0:0:0:0:0:0:1 - - [25/Apr/2023:07:07:08 +0000] "GET //localhost:8998/static/js/all-sessions.js HTTP/1.1" 200 3046 
0:0:0:0:0:0:0:1 - - [25/Apr/2023:07:07:08 +0000] "GET //localhost:8998/batches HTTP/1.1" 200 50 
0:0:0:0:0:0:0:1 - - [25/Apr/2023:07:07:08 +0000] "GET //localhost:8998/sessions HTTP/1.1" 200 50 
0:0:0:0:0:0:0:1 - - [25/Apr/2023:07:07:09 +0000] "GET //localhost:8998/ui HTTP/1.1" 200 1458 
0:0:0:0:0:0:0:1 - - [25/Apr/2023:07:07:09 +0000] "GET //localhost:8998/static/css/bootstrap.min.css HTTP/1.1" 200 121412 
0:0:0:0:0:0:0:1 - - [25/Apr/2023:07:07:09 +0000] "GET //localhost:8998/static/css/dataTables.bootstrap.min.css HTTP/1.1" 200 4188 
0:0:0:0:0:0:0:1 - - [25/Apr/2023:07:07:09 +0000] "GET //localhost:8998/static/css/livy-ui.css HTTP/1.1" 200 1140 
0:0:0:0:0:0:0:1 - - [25/Apr/2023:07:07:09 +0000] "GET //localhost:8998/static/js/bootstrap.min.js HTTP/1.1" 200 39680 
0:0:0:0:0:0:0:1 - - [25/Apr/2023:07:07:09 +0000] "GET //localhost:8998/static/js/jquery-3.4.1.min.js HTTP/1.1" 200 88145 
0:0:0:0:0:0:0:1 - - [25/Apr/2023:07:07:09 +0000] "GET //localhost:8998/static/js/jquery.dataTables.min.js HTTP/1.1" 200 83268 
0:0:0:0:0:0:0:1 - - [25/Apr/2023:07:07:09 +0000] "GET //localhost:8998/static/js/dataTables.bootstrap.min.js HTTP/1.1" 200 1966 
0:0:0:0:0:0:0:1 - - [25/Apr/2023:07:07:09 +0000] "GET //localhost:8998/static/js/livy-ui.js HTTP/1.1" 200 2787 
0:0:0:0:0:0:0:1 - - [25/Apr/2023:07:07:09 +0000] "GET //localhost:8998/static/js/all-sessions.js HTTP/1.1" 200 3046 
0:0:0:0:0:0:0:1 - - [25/Apr/2023:07:07:09 +0000] "GET //localhost:8998/static/img/livy-mini-logo.png HTTP/1.1" 200 1121 
0:0:0:0:0:0:0:1 - - [25/Apr/2023:07:07:09 +0000] "GET //localhost:8998/batches HTTP/1.1" 200 50 
0:0:0:0:0:0:0:1 - - [25/Apr/2023:07:07:09 +0000] "GET //localhost:8998/sessions HTTP/1.1" 200 50 
0:0:0:0:0:0:0:1 - - [25/Apr/2023:07:07:09 +0000] "GET //localhost:8998/ui HTTP/1.1" 200 1458 
0:0:0:0:0:0:0:1 - - [25/Apr/2023:07:07:09 +0000] "GET //localhost:8998/static/css/bootstrap.min.css HTTP/1.1" 200 121412 
0:0:0:0:0:0:0:1 - - [25/Apr/2023:07:07:09 +0000] "GET //localhost:8998/static/css/dataTables.bootstrap.min.css HTTP/1.1" 200 4188 
0:0:0:0:0:0:0:1 - - [25/Apr/2023:07:07:09 +0000] "GET //localhost:8998/static/css/livy-ui.css HTTP/1.1" 200 1140 
0:0:0:0:0:0:0:1 - - [25/Apr/2023:07:07:09 +0000] "GET //localhost:8998/static/js/bootstrap.min.js HTTP/1.1" 200 39680 
0:0:0:0:0:0:0:1 - - [25/Apr/2023:07:07:09 +0000] "GET //localhost:8998/static/js/jquery-3.4.1.min.js HTTP/1.1" 200 88145 
0:0:0:0:0:0:0:1 - - [25/Apr/2023:07:07:09 +0000] "GET //localhost:8998/static/js/jquery.dataTables.min.js HTTP/1.1" 200 83268 
0:0:0:0:0:0:0:1 - - [25/Apr/2023:07:07:09 +0000] "GET //localhost:8998/static/js/dataTables.bootstrap.min.js HTTP/1.1" 200 1966 
0:0:0:0:0:0:0:1 - - [25/Apr/2023:07:07:09 +0000] "GET //localhost:8998/static/js/livy-ui.js HTTP/1.1" 200 2787 
0:0:0:0:0:0:0:1 - - [25/Apr/2023:07:07:09 +0000] "GET //localhost:8998/static/js/all-sessions.js HTTP/1.1" 200 3046 
0:0:0:0:0:0:0:1 - - [25/Apr/2023:07:07:09 +0000] "GET //localhost:8998/static/img/livy-mini-logo.png HTTP/1.1" 200 1121 
0:0:0:0:0:0:0:1 - - [25/Apr/2023:07:07:09 +0000] "GET //localhost:8998/sessions HTTP/1.1" 200 50 
0:0:0:0:0:0:0:1 - - [25/Apr/2023:07:07:09 +0000] "GET //localhost:8998/batches HTTP/1.1" 200 50 
127.0.0.1 - - [25/Apr/2023:07:07:15 +0000] "POST //localhost:8998/sessions/0/statements HTTP/1.1" 404 52 
127.0.0.1 - - [25/Apr/2023:07:07:20 +0000] "POST //localhost:8998/sessions HTTP/1.1" 400 75 
127.0.0.1 - - [25/Apr/2023:07:07:22 +0000] "POST //localhost:8998/sessions HTTP/1.1" 400 75 
127.0.0.1 - - [25/Apr/2023:07:07:23 +0000] "DELETE //localhost:8998/sessions/0 HTTP/1.1" 404 52 
127.0.0.1 - - [25/Apr/2023:07:07:25 +0000] "POST //localhost:8998/sessions/0/statements HTTP/1.1" 404 52 
127.0.0.1 - - [25/Apr/2023:07:07:26 +0000] "POST //localhost:8998/sessions/0/statements HTTP/1.1" 404 52 
0:0:0:0:0:0:0:1 - - [25/Apr/2023:07:07:29 +0000] "GET //localhost:8998/ HTTP/1.1" 302 0 
0:0:0:0:0:0:0:1 - - [25/Apr/2023:07:07:29 +0000] "GET //localhost:8998/ui HTTP/1.1" 200 1458 
0:0:0:0:0:0:0:1 - - [25/Apr/2023:07:07:29 +0000] "GET //localhost:8998/static/css/livy-ui.css HTTP/1.1" 200 1140 
0:0:0:0:0:0:0:1 - - [25/Apr/2023:07:07:29 +0000] "GET //localhost:8998/static/css/dataTables.bootstrap.min.css HTTP/1.1" 200 4188 
0:0:0:0:0:0:0:1 - - [25/Apr/2023:07:07:29 +0000] "GET //localhost:8998/static/css/bootstrap.min.css HTTP/1.1" 200 121412 
0:0:0:0:0:0:0:1 - - [25/Apr/2023:07:07:29 +0000] "GET //localhost:8998/static/js/bootstrap.min.js HTTP/1.1" 200 39680 
0:0:0:0:0:0:0:1 - - [25/Apr/2023:07:07:29 +0000] "GET //localhost:8998/static/js/jquery-3.4.1.min.js HTTP/1.1" 200 88145 
0:0:0:0:0:0:0:1 - - [25/Apr/2023:07:07:29 +0000] "GET //localhost:8998/static/js/jquery.dataTables.min.js HTTP/1.1" 200 83268 
0:0:0:0:0:0:0:1 - - [25/Apr/2023:07:07:29 +0000] "GET //localhost:8998/static/js/dataTables.bootstrap.min.js HTTP/1.1" 200 1966 
0:0:0:0:0:0:0:1 - - [25/Apr/2023:07:07:29 +0000] "GET //localhost:8998/static/js/livy-ui.js HTTP/1.1" 200 2787 
0:0:0:0:0:0:0:1 - - [25/Apr/2023:07:07:29 +0000] "GET //localhost:8998/static/img/livy-mini-logo.png HTTP/1.1" 200 1121 
0:0:0:0:0:0:0:1 - - [25/Apr/2023:07:07:29 +0000] "GET //localhost:8998/static/js/all-sessions.js HTTP/1.1" 200 3046 
0:0:0:0:0:0:0:1 - - [25/Apr/2023:07:07:29 +0000] "GET //localhost:8998/batches HTTP/1.1" 200 50 
0:0:0:0:0:0:0:1 - - [25/Apr/2023:07:07:29 +0000] "GET //localhost:8998/sessions HTTP/1.1" 200 50 
0:0:0:0:0:0:0:1 - - [25/Apr/2023:07:07:31 +0000] "GET //localhost:8998/ HTTP/1.1" 302 0 
0:0:0:0:0:0:0:1 - - [25/Apr/2023:07:07:31 +0000] "GET //localhost:8998/ui HTTP/1.1" 200 1458 
0:0:0:0:0:0:0:1 - - [25/Apr/2023:07:07:31 +0000] "GET //localhost:8998/static/css/bootstrap.min.css HTTP/1.1" 200 121412 
0:0:0:0:0:0:0:1 - - [25/Apr/2023:07:07:31 +0000] "GET //localhost:8998/static/css/dataTables.bootstrap.min.css HTTP/1.1" 200 4188 
0:0:0:0:0:0:0:1 - - [25/Apr/2023:07:07:31 +0000] "GET //localhost:8998/static/css/livy-ui.css HTTP/1.1" 200 1140 
0:0:0:0:0:0:0:1 - - [25/Apr/2023:07:07:31 +0000] "GET //localhost:8998/static/js/jquery-3.4.1.min.js HTTP/1.1" 200 88145 
0:0:0:0:0:0:0:1 - - [25/Apr/2023:07:07:31 +0000] "GET //localhost:8998/static/js/bootstrap.min.js HTTP/1.1" 200 39680 
0:0:0:0:0:0:0:1 - - [25/Apr/2023:07:07:31 +0000] "GET //localhost:8998/static/js/jquery.dataTables.min.js HTTP/1.1" 200 83268 
0:0:0:0:0:0:0:1 - - [25/Apr/2023:07:07:31 +0000] "GET //localhost:8998/static/js/dataTables.bootstrap.min.js HTTP/1.1" 200 1966 
0:0:0:0:0:0:0:1 - - [25/Apr/2023:07:07:31 +0000] "GET //localhost:8998/static/js/livy-ui.js HTTP/1.1" 200 2787 
0:0:0:0:0:0:0:1 - - [25/Apr/2023:07:07:31 +0000] "GET //localhost:8998/static/js/all-sessions.js HTTP/1.1" 200 3046 
0:0:0:0:0:0:0:1 - - [25/Apr/2023:07:07:31 +0000] "GET //localhost:8998/static/img/livy-mini-logo.png HTTP/1.1" 200 1121 
0:0:0:0:0:0:0:1 - - [25/Apr/2023:07:07:31 +0000] "GET //localhost:8998/batches HTTP/1.1" 200 50 
0:0:0:0:0:0:0:1 - - [25/Apr/2023:07:07:31 +0000] "GET //localhost:8998/sessions HTTP/1.1" 200 50 
0:0:0:0:0:0:0:1 - - [25/Apr/2023:07:08:28 +0000] "GET //localhost:8998/ui HTTP/1.1" 200 1458 
0:0:0:0:0:0:0:1 - - [25/Apr/2023:07:08:28 +0000] "GET //localhost:8998/static/css/bootstrap.min.css HTTP/1.1" 200 121412 
0:0:0:0:0:0:0:1 - - [25/Apr/2023:07:08:28 +0000] "GET //localhost:8998/static/css/dataTables.bootstrap.min.css HTTP/1.1" 200 4188 
0:0:0:0:0:0:0:1 - - [25/Apr/2023:07:08:28 +0000] "GET //localhost:8998/static/css/livy-ui.css HTTP/1.1" 200 1140 
0:0:0:0:0:0:0:1 - - [25/Apr/2023:07:08:28 +0000] "GET //localhost:8998/static/js/jquery-3.4.1.min.js HTTP/1.1" 200 88145 
0:0:0:0:0:0:0:1 - - [25/Apr/2023:07:08:28 +0000] "GET //localhost:8998/static/js/bootstrap.min.js HTTP/1.1" 200 39680 
0:0:0:0:0:0:0:1 - - [25/Apr/2023:07:08:28 +0000] "GET //localhost:8998/static/js/dataTables.bootstrap.min.js HTTP/1.1" 200 1966 
0:0:0:0:0:0:0:1 - - [25/Apr/2023:07:08:28 +0000] "GET //localhost:8998/static/js/livy-ui.js HTTP/1.1" 200 2787 
0:0:0:0:0:0:0:1 - - [25/Apr/2023:07:08:28 +0000] "GET //localhost:8998/static/js/jquery.dataTables.min.js HTTP/1.1" 200 83268 
0:0:0:0:0:0:0:1 - - [25/Apr/2023:07:08:28 +0000] "GET //localhost:8998/static/js/all-sessions.js HTTP/1.1" 200 3046 
0:0:0:0:0:0:0:1 - - [25/Apr/2023:07:08:28 +0000] "GET //localhost:8998/static/img/livy-mini-logo.png HTTP/1.1" 200 1121 
0:0:0:0:0:0:0:1 - - [25/Apr/2023:07:08:28 +0000] "GET //localhost:8998/sessions HTTP/1.1" 200 50 
0:0:0:0:0:0:0:1 - - [25/Apr/2023:07:08:28 +0000] "GET //localhost:8998/batches HTTP/1.1" 200 50 
0:0:0:0:0:0:0:1 - - [25/Apr/2023:07:08:29 +0000] "GET //localhost:8998/ui HTTP/1.1" 200 1458 
0:0:0:0:0:0:0:1 - - [25/Apr/2023:07:08:29 +0000] "GET //localhost:8998/static/css/livy-ui.css HTTP/1.1" 200 1140 
0:0:0:0:0:0:0:1 - - [25/Apr/2023:07:08:29 +0000] "GET //localhost:8998/static/css/dataTables.bootstrap.min.css HTTP/1.1" 200 4188 
0:0:0:0:0:0:0:1 - - [25/Apr/2023:07:08:29 +0000] "GET //localhost:8998/static/css/bootstrap.min.css HTTP/1.1" 200 121412 
0:0:0:0:0:0:0:1 - - [25/Apr/2023:07:08:29 +0000] "GET //localhost:8998/static/js/bootstrap.min.js HTTP/1.1" 200 39680 
0:0:0:0:0:0:0:1 - - [25/Apr/2023:07:08:29 +0000] "GET //localhost:8998/static/js/jquery-3.4.1.min.js HTTP/1.1" 200 88145 
0:0:0:0:0:0:0:1 - - [25/Apr/2023:07:08:29 +0000] "GET //localhost:8998/static/js/jquery.dataTables.min.js HTTP/1.1" 200 83268 
0:0:0:0:0:0:0:1 - - [25/Apr/2023:07:08:29 +0000] "GET //localhost:8998/static/js/dataTables.bootstrap.min.js HTTP/1.1" 200 1966 
0:0:0:0:0:0:0:1 - - [25/Apr/2023:07:08:29 +0000] "GET //localhost:8998/static/js/livy-ui.js HTTP/1.1" 200 2787 
0:0:0:0:0:0:0:1 - - [25/Apr/2023:07:08:29 +0000] "GET //localhost:8998/static/js/all-sessions.js HTTP/1.1" 200 3046 
0:0:0:0:0:0:0:1 - - [25/Apr/2023:07:08:29 +0000] "GET //localhost:8998/static/img/livy-mini-logo.png HTTP/1.1" 200 1121 
0:0:0:0:0:0:0:1 - - [25/Apr/2023:07:08:29 +0000] "GET //localhost:8998/sessions HTTP/1.1" 200 50 
0:0:0:0:0:0:0:1 - - [25/Apr/2023:07:08:29 +0000] "GET //localhost:8998/batches HTTP/1.1" 200 50 
127.0.0.1 - - [25/Apr/2023:07:09:15 +0000] "POST //localhost:8998/sessions HTTP/1.1" 400 75 
0:0:0:0:0:0:0:1 - - [25/Apr/2023:07:09:35 +0000] "GET //localhost:8998/ HTTP/1.1" 302 0 
0:0:0:0:0:0:0:1 - - [25/Apr/2023:07:09:35 +0000] "GET //localhost:8998/ui HTTP/1.1" 200 1458 
0:0:0:0:0:0:0:1 - - [25/Apr/2023:07:09:35 +0000] "GET //localhost:8998/static/css/dataTables.bootstrap.min.css HTTP/1.1" 200 4188 
0:0:0:0:0:0:0:1 - - [25/Apr/2023:07:09:35 +0000] "GET //localhost:8998/static/css/livy-ui.css HTTP/1.1" 200 1140 
0:0:0:0:0:0:0:1 - - [25/Apr/2023:07:09:35 +0000] "GET //localhost:8998/static/css/bootstrap.min.css HTTP/1.1" 200 121412 
0:0:0:0:0:0:0:1 - - [25/Apr/2023:07:09:35 +0000] "GET //localhost:8998/static/js/bootstrap.min.js HTTP/1.1" 200 39680 
0:0:0:0:0:0:0:1 - - [25/Apr/2023:07:09:35 +0000] "GET //localhost:8998/static/js/jquery-3.4.1.min.js HTTP/1.1" 200 88145 
0:0:0:0:0:0:0:1 - - [25/Apr/2023:07:09:35 +0000] "GET //localhost:8998/static/js/jquery.dataTables.min.js HTTP/1.1" 200 83268 
0:0:0:0:0:0:0:1 - - [25/Apr/2023:07:09:35 +0000] "GET //localhost:8998/static/js/dataTables.bootstrap.min.js HTTP/1.1" 200 1966 
0:0:0:0:0:0:0:1 - - [25/Apr/2023:07:09:35 +0000] "GET //localhost:8998/static/js/livy-ui.js HTTP/1.1" 200 2787 
0:0:0:0:0:0:0:1 - - [25/Apr/2023:07:09:35 +0000] "GET //localhost:8998/static/js/all-sessions.js HTTP/1.1" 200 3046 
0:0:0:0:0:0:0:1 - - [25/Apr/2023:07:09:35 +0000] "GET //localhost:8998/static/img/livy-mini-logo.png HTTP/1.1" 200 1121 
0:0:0:0:0:0:0:1 - - [25/Apr/2023:07:09:35 +0000] "GET //localhost:8998/sessions HTTP/1.1" 200 50 
0:0:0:0:0:0:0:1 - - [25/Apr/2023:07:09:35 +0000] "GET //localhost:8998/batches HTTP/1.1" 200 50 
127.0.0.1 - - [25/Apr/2023:07:09:47 +0000] "POST //localhost:8998//sessions HTTP/1.1" 404 0 
127.0.0.1 - - [25/Apr/2023:07:09:48 +0000] "POST //localhost:8998//sessions HTTP/1.1" 404 0 
127.0.0.1 - - [25/Apr/2023:07:10:07 +0000] "POST //localhost:8998/sessions HTTP/1.1" 400 75 
127.0.0.1 - - [25/Apr/2023:07:10:07 +0000] "POST //localhost:8998/sessions HTTP/1.1" 400 75 
127.0.0.1 - - [25/Apr/2023:07:10:25 +0000] "POST //localhost:8998/sessions HTTP/1.1" 400 75 
0:0:0:0:0:0:0:1 - - [25/Apr/2023:07:10:43 +0000] "GET //localhost:8998/ui HTTP/1.1" 200 1458 
0:0:0:0:0:0:0:1 - - [25/Apr/2023:07:10:43 +0000] "GET //localhost:8998/static/css/bootstrap.min.css HTTP/1.1" 200 121412 
0:0:0:0:0:0:0:1 - - [25/Apr/2023:07:10:43 +0000] "GET //localhost:8998/static/css/dataTables.bootstrap.min.css HTTP/1.1" 200 4188 
0:0:0:0:0:0:0:1 - - [25/Apr/2023:07:10:43 +0000] "GET //localhost:8998/static/css/livy-ui.css HTTP/1.1" 200 1140 
0:0:0:0:0:0:0:1 - - [25/Apr/2023:07:10:43 +0000] "GET //localhost:8998/static/js/dataTables.bootstrap.min.js HTTP/1.1" 200 1966 
0:0:0:0:0:0:0:1 - - [25/Apr/2023:07:10:43 +0000] "GET //localhost:8998/static/js/livy-ui.js HTTP/1.1" 200 2787 
0:0:0:0:0:0:0:1 - - [25/Apr/2023:07:10:43 +0000] "GET //localhost:8998/static/js/bootstrap.min.js HTTP/1.1" 200 39680 
0:0:0:0:0:0:0:1 - - [25/Apr/2023:07:10:43 +0000] "GET //localhost:8998/static/js/jquery-3.4.1.min.js HTTP/1.1" 200 88145 
0:0:0:0:0:0:0:1 - - [25/Apr/2023:07:10:43 +0000] "GET //localhost:8998/static/js/jquery.dataTables.min.js HTTP/1.1" 200 83268 
0:0:0:0:0:0:0:1 - - [25/Apr/2023:07:10:43 +0000] "GET //localhost:8998/static/img/livy-mini-logo.png HTTP/1.1" 200 1121 
0:0:0:0:0:0:0:1 - - [25/Apr/2023:07:10:43 +0000] "GET //localhost:8998/static/js/all-sessions.js HTTP/1.1" 200 3046 
0:0:0:0:0:0:0:1 - - [25/Apr/2023:07:10:43 +0000] "GET //localhost:8998/sessions HTTP/1.1" 200 50 
0:0:0:0:0:0:0:1 - - [25/Apr/2023:07:10:43 +0000] "GET //localhost:8998/batches HTTP/1.1" 200 50 
127.0.0.1 - - [26/Apr/2023:11:31:36 +0000] "POST //localhost:8998//sessions HTTP/1.1" 404 0 
